<?xml version="1.0" encoding="UTF-8"?>
<!-- Generated by org.testng.reporters.JUnitXMLReporter -->
<testsuite ignored="2" hostname="WMIN26" failures="2" tests="7" name="Test" time="47.187" errors="0" timestamp="2023-02-01T19:07:13 IST">
  <testcase classname="dd.Insure.Tests.HomePageTest" name="urlNavigation" time="0.247"/>
  <testcase classname="dd.Insure.Tests.HomePageTest" name="Logo" time="0.554"/>
  <testcase classname="dd.Insure.Tests.HomePageTest" name="WelcomeMessage" time="11.776"/>
  <testcase classname="dd.Insure.Tests.HomePageTest" name="NeedHelpLink" time="0.414"/>
  <testcase classname="dd.Insure.Tests.HomePageTest" name="NeedHelpDialog" time="0.584"/>
  <testcase classname="dd.Insure.Tests.NextButtonTest" name="GetStartedButtonCheck" time="0.014">
    <failure type="java.lang.NullPointerException" message="Cannot invoke &amp;quot;dd.Insure.PageObjects.HomePage.GetStartedButton()&amp;quot; because &amp;quot;this.homePage&amp;quot; is null">
      <![CDATA[java.lang.NullPointerException: Cannot invoke "dd.Insure.PageObjects.HomePage.GetStartedButton()" because "this.homePage" is null
at dd.Insure.Tests.NextButtonTest.GetStartedButtonCheck(NextButtonTest.java:22)
at java.base/java.util.ArrayList.forEach(ArrayList.java:1511)
... Removed 25 stack frames]]>
    </failure>
  </testcase> <!-- GetStartedButtonCheck -->
  <testcase classname="dd.Insure.Tests.NextButtonTest" name="GetStartedButtonCheck" time="0.097">
    <failure type="java.lang.NullPointerException" message="Cannot invoke &amp;quot;org.openqa.selenium.TakesScreenshot.getScreenshotAs(org.openqa.selenium.OutputType)&amp;quot; because &amp;quot;ts&amp;quot; is null">
      <![CDATA[java.lang.NullPointerException: Cannot invoke "org.openqa.selenium.TakesScreenshot.getScreenshotAs(org.openqa.selenium.OutputType)" because "ts" is null
at dd.Insure.TestComponents.BaseTest.getScreenshot(BaseTest.java:119)
at dd.Insure.TestComponents.Listeners.onTestFailure(Listeners.java:69)
at java.base/java.util.ArrayList.forEach(ArrayList.java:1511)
... Removed 24 stack frames]]>
    </failure>
  </testcase> <!-- GetStartedButtonCheck -->
  <testcase classname="dd.Insure.TestComponents.BaseTest" name="@AfterTest tearDown" time="0.0">
    <ignored/>
  </testcase> <!-- @AfterTest tearDown -->
  <testcase classname="dd.Insure.TestComponents.BaseTest" name="@BeforeTest launchApplication" time="0.0">
    <ignored/>
  </testcase> <!-- @BeforeTest launchApplication -->
</testsuite> <!-- Test -->
